<?xml version="1.0" encoding="UTF-8"?>
<!-- Generated by org.testng.reporters.JUnitReportReporter -->
<testsuite hostname="venkatarajendra" name="package2.TestNGAnnotations" tests="2" failures="0" timestamp="9 Jan 2019 18:00:15 GMT" time="0.011" errors="0">
  <testcase name="testMethod1" time="0.009" classname="package2.TestNGAnnotations"/>
  <testcase name="testMethod2" time="0.002" classname="package2.TestNGAnnotations"/>
</testsuite> <!-- package2.TestNGAnnotations -->
