<?xml version="1.0" encoding="UTF-8"?>
<!-- Generated by org.testng.reporters.JUnitReportReporter -->
<testsuite hostname="venkatarajendra" name="testpkg.VerifyGmailInbox" tests="1" failures="0" timestamp="20 Aug 2016 14:05:12 GMT" time="19.116" errors="0">
  <testcase name="verifyField" time="19.116" classname="testpkg.VerifyGmailInbox"/>
</testsuite> <!-- testpkg.VerifyGmailInbox -->
