<?xml version="1.0" encoding="UTF-8"?>
<!-- Generated by org.testng.reporters.JUnitReportReporter -->
<testsuite hostname="venkatarajendra" name="testpkg.LoginWithDiffData" tests="1" failures="0" timestamp="14 Jan 2019 06:03:44 GMT" time="72.183" errors="0">
  <testcase name="loginApp" time="72.183" classname="testpkg.LoginWithDiffData"/>
</testsuite> <!-- testpkg.LoginWithDiffData -->
