<?xml version="1.0" encoding="UTF-8"?>
<!-- Generated by org.testng.reporters.JUnitReportReporter -->
<testsuite hostname="venkatarajendra" name="testpkg.GmailTestClass" tests="1" failures="0" timestamp="20 Aug 2016 16:35:01 GMT" time="18.077" errors="0">
  <testcase name="verifyExists" time="18.077" classname="testpkg.GmailTestClass"/>
</testsuite> <!-- testpkg.GmailTestClass -->
